<?xml version="1.0" encoding="UTF-8"?>
<coverage generated="1609358002783" clover="3.2.0">
  <project timestamp="1609358002783" name="All files">
    <metrics statements="28" coveredstatements="25" conditionals="24" coveredconditionals="19" methods="2" coveredmethods="2" elements="54" coveredelements="46" complexity="0" loc="28" ncloc="28" packages="1" files="1" classes="1"/>
    <file name="cipher.js" path="C:\Users\eirab\Documents\Laboratoria\CDMX010-cipher\src\cipher.js">
      <metrics statements="28" coveredstatements="25" conditionals="24" coveredconditionals="19" methods="2" coveredmethods="2"/>
      <line num="1" count="1" type="stmt"/>
      <line num="5" count="5" type="cond" truecount="2" falsecount="0"/>
      <line num="6" count="2" type="stmt"/>
      <line num="7" count="3" type="cond" truecount="2" falsecount="0"/>
      <line num="8" count="2" type="stmt"/>
      <line num="11" count="1" type="stmt"/>
      <line num="13" count="1" type="stmt"/>
      <line num="14" count="26" type="stmt"/>
      <line num="16" count="26" type="cond" truecount="3" falsecount="1"/>
      <line num="17" count="26" type="stmt"/>
      <line num="19" count="0" type="cond" truecount="0" falsecount="4"/>
      <line num="20" count="0" type="stmt"/>
      <line num="23" count="0" type="stmt"/>
      <line num="25" count="1" type="stmt"/>
      <line num="30" count="7" type="cond" truecount="2" falsecount="0"/>
      <line num="31" count="2" type="stmt"/>
      <line num="32" count="5" type="cond" truecount="2" falsecount="0"/>
      <line num="33" count="2" type="stmt"/>
      <line num="36" count="3" type="stmt"/>
      <line num="38" count="3" type="stmt"/>
      <line num="41" count="3" type="stmt"/>
      <line num="42" count="55" type="stmt"/>
      <line num="44" count="55" type="cond" truecount="4" falsecount="0"/>
      <line num="45" count="26" type="stmt"/>
      <line num="47" count="29" type="cond" truecount="4" falsecount="0"/>
      <line num="48" count="26" type="stmt"/>
      <line num="51" count="3" type="stmt"/>
      <line num="53" count="3" type="stmt"/>
    </file>
  </project>
</coverage>
