{"C:\\Users\\eirab\\Documents\\Laboratoria\\CDMX010-cipher\\src\\cipher.js": {"path":"C:\\Users\\eirab\\Documents\\Laboratoria\\CDMX010-cipher\\src\\cipher.js","statementMap":{"0":{"start":{"line":1,"column":15},"end":{"line":55,"column":1}},"1":{"start":{"line":5,"column":4},"end":{"line":9,"column":5}},"2":{"start":{"line":6,"column":6},"end":{"line":6,"column":40}},"3":{"start":{"line":7,"column":11},"end":{"line":9,"column":5}},"4":{"start":{"line":8,"column":6},"end":{"line":8,"column":40}},"5":{"start":{"line":11,"column":20},"end":{"line":11,"column":22}},"6":{"start":{"line":13,"column":4},"end":{"line":24,"column":5}},"7":{"start":{"line":13,"column":14},"end":{"line":13,"column":15}},"8":{"start":{"line":14,"column":17},"end":{"line":14,"column":36}},"9":{"start":{"line":16,"column":6},"end":{"line":23,"column":38}},"10":{"start":{"line":17,"column":8},"end":{"line":17,"column":74}},"11":{"start":{"line":19,"column":11},"end":{"line":23,"column":38}},"12":{"start":{"line":20,"column":8},"end":{"line":20,"column":74}},"13":{"start":{"line":23,"column":8},"end":{"line":23,"column":37}},"14":{"start":{"line":25,"column":4},"end":{"line":25,"column":21}},"15":{"start":{"line":30,"column":4},"end":{"line":34,"column":5}},"16":{"start":{"line":31,"column":6},"end":{"line":31,"column":40}},"17":{"start":{"line":32,"column":11},"end":{"line":34,"column":5}},"18":{"start":{"line":33,"column":6},"end":{"line":33,"column":40}},"19":{"start":{"line":36,"column":21},"end":{"line":36,"column":39}},"20":{"start":{"line":38,"column":20},"end":{"line":38,"column":22}},"21":{"start":{"line":41,"column":4},"end":{"line":52,"column":5}},"22":{"start":{"line":41,"column":14},"end":{"line":41,"column":15}},"23":{"start":{"line":42,"column":17},"end":{"line":42,"column":39}},"24":{"start":{"line":44,"column":7},"end":{"line":51,"column":41}},"25":{"start":{"line":45,"column":8},"end":{"line":45,"column":78}},"26":{"start":{"line":47,"column":11},"end":{"line":51,"column":41}},"27":{"start":{"line":48,"column":8},"end":{"line":48,"column":78}},"28":{"start":{"line":51,"column":8},"end":{"line":51,"column":40}},"29":{"start":{"line":53,"column":4},"end":{"line":53,"column":21}}},"fnMap":{"0":{"name":"(anonymous_0)","decl":{"start":{"line":3,"column":10},"end":{"line":3,"column":11}},"loc":{"start":{"line":3,"column":33},"end":{"line":26,"column":3}},"line":3},"1":{"name":"(anonymous_1)","decl":{"start":{"line":28,"column":10},"end":{"line":28,"column":11}},"loc":{"start":{"line":28,"column":37},"end":{"line":54,"column":3}},"line":28}},"branchMap":{"0":{"loc":{"start":{"line":5,"column":4},"end":{"line":9,"column":5}},"type":"if","locations":[{"start":{"line":5,"column":4},"end":{"line":9,"column":5}},{"start":{"line":5,"column":4},"end":{"line":9,"column":5}}],"line":5},"1":{"loc":{"start":{"line":7,"column":11},"end":{"line":9,"column":5}},"type":"if","locations":[{"start":{"line":7,"column":11},"end":{"line":9,"column":5}},{"start":{"line":7,"column":11},"end":{"line":9,"column":5}}],"line":7},"2":{"loc":{"start":{"line":16,"column":6},"end":{"line":23,"column":38}},"type":"if","locations":[{"start":{"line":16,"column":6},"end":{"line":23,"column":38}},{"start":{"line":16,"column":6},"end":{"line":23,"column":38}}],"line":16},"3":{"loc":{"start":{"line":16,"column":10},"end":{"line":16,"column":35}},"type":"binary-expr","locations":[{"start":{"line":16,"column":10},"end":{"line":16,"column":20}},{"start":{"line":16,"column":24},"end":{"line":16,"column":35}}],"line":16},"4":{"loc":{"start":{"line":19,"column":11},"end":{"line":23,"column":38}},"type":"if","locations":[{"start":{"line":19,"column":11},"end":{"line":23,"column":38}},{"start":{"line":19,"column":11},"end":{"line":23,"column":38}}],"line":19},"5":{"loc":{"start":{"line":19,"column":15},"end":{"line":19,"column":40}},"type":"binary-expr","locations":[{"start":{"line":19,"column":15},"end":{"line":19,"column":25}},{"start":{"line":19,"column":29},"end":{"line":19,"column":40}}],"line":19},"6":{"loc":{"start":{"line":30,"column":4},"end":{"line":34,"column":5}},"type":"if","locations":[{"start":{"line":30,"column":4},"end":{"line":34,"column":5}},{"start":{"line":30,"column":4},"end":{"line":34,"column":5}}],"line":30},"7":{"loc":{"start":{"line":32,"column":11},"end":{"line":34,"column":5}},"type":"if","locations":[{"start":{"line":32,"column":11},"end":{"line":34,"column":5}},{"start":{"line":32,"column":11},"end":{"line":34,"column":5}}],"line":32},"8":{"loc":{"start":{"line":44,"column":7},"end":{"line":51,"column":41}},"type":"if","locations":[{"start":{"line":44,"column":7},"end":{"line":51,"column":41}},{"start":{"line":44,"column":7},"end":{"line":51,"column":41}}],"line":44},"9":{"loc":{"start":{"line":44,"column":11},"end":{"line":44,"column":36}},"type":"binary-expr","locations":[{"start":{"line":44,"column":11},"end":{"line":44,"column":21}},{"start":{"line":44,"column":25},"end":{"line":44,"column":36}}],"line":44},"10":{"loc":{"start":{"line":47,"column":11},"end":{"line":51,"column":41}},"type":"if","locations":[{"start":{"line":47,"column":11},"end":{"line":51,"column":41}},{"start":{"line":47,"column":11},"end":{"line":51,"column":41}}],"line":47},"11":{"loc":{"start":{"line":47,"column":15},"end":{"line":47,"column":40}},"type":"binary-expr","locations":[{"start":{"line":47,"column":15},"end":{"line":47,"column":25}},{"start":{"line":47,"column":29},"end":{"line":47,"column":40}}],"line":47}},"s":{"0":1,"1":5,"2":2,"3":3,"4":2,"5":1,"6":1,"7":1,"8":26,"9":26,"10":26,"11":0,"12":0,"13":0,"14":1,"15":7,"16":2,"17":5,"18":2,"19":3,"20":3,"21":3,"22":3,"23":55,"24":55,"25":26,"26":29,"27":26,"28":3,"29":3},"f":{"0":5,"1":7},"b":{"0":[2,3],"1":[2,1],"2":[26,0],"3":[26,26],"4":[0,0],"5":[0,0],"6":[2,5],"7":[2,3],"8":[26,29],"9":[55,52],"10":[26,3],"11":[29,26]},"_coverageSchema":"1a1c01bbd47fc00a2c39e90264f33305004495a9","hash":"f768f2746e6a3a33ba413573014148940dc665d8"}
}
