TN:
SF:src\cipher.js
FN:3,(anonymous_0)
FN:28,(anonymous_1)
FNF:2
FNH:2
FNDA:5,(anonymous_0)
FNDA:7,(anonymous_1)
DA:1,1
DA:5,5
DA:6,2
DA:7,3
DA:8,2
DA:11,1
DA:13,1
DA:14,26
DA:16,26
DA:17,26
DA:19,0
DA:20,0
DA:23,0
DA:25,1
DA:30,7
DA:31,2
DA:32,5
DA:33,2
DA:36,3
DA:38,3
DA:41,3
DA:42,55
DA:44,55
DA:45,26
DA:47,29
DA:48,26
DA:51,3
DA:53,3
LF:28
LH:25
BRDA:5,0,0,2
BRDA:5,0,1,3
BRDA:7,1,0,2
BRDA:7,1,1,1
BRDA:16,2,0,26
BRDA:16,2,1,0
BRDA:16,3,0,26
BRDA:16,3,1,26
BRDA:19,4,0,0
BRDA:19,4,1,0
BRDA:19,5,0,0
BRDA:19,5,1,0
BRDA:30,6,0,2
BRDA:30,6,1,5
BRDA:32,7,0,2
BRDA:32,7,1,3
BRDA:44,8,0,26
BRDA:44,8,1,29
BRDA:44,9,0,55
BRDA:44,9,1,52
BRDA:47,10,0,26
BRDA:47,10,1,3
BRDA:47,11,0,29
BRDA:47,11,1,26
BRF:24
BRH:19
end_of_record
